<?xml version="1.0" encoding="UTF-8"?>
<coverage generated="1774614640450" clover="3.2.0">
  <project timestamp="1774614640450" name="All files">
    <metrics statements="63" coveredstatements="55" conditionals="35" coveredconditionals="26" methods="23" coveredmethods="18" elements="121" coveredelements="99" complexity="0" loc="63" ncloc="63" packages="3" files="5" classes="5"/>
    <package name="features.auth">
      <metrics statements="49" coveredstatements="42" conditionals="14" coveredconditionals="10" methods="18" coveredmethods="14"/>
      <file name="LoginPage.jsx" path="C:\Users\ortga\OneDrive\Escritorio\Coding\Task-Manager\frontend\src\app\features\auth\LoginPage.jsx">
        <metrics statements="49" coveredstatements="42" conditionals="14" coveredconditionals="10" methods="18" coveredmethods="14"/>
        <line num="13" count="1" type="stmt"/>
        <line num="14" count="58" type="stmt"/>
        <line num="15" count="58" type="stmt"/>
        <line num="16" count="58" type="stmt"/>
        <line num="17" count="58" type="stmt"/>
        <line num="21" count="58" type="stmt"/>
        <line num="22" count="58" type="stmt"/>
        <line num="23" count="58" type="stmt"/>
        <line num="24" count="3" type="stmt"/>
        <line num="26" count="3" type="cond" truecount="1" falsecount="1"/>
        <line num="27" count="0" type="stmt"/>
        <line num="28" count="0" type="stmt"/>
        <line num="30" count="3" type="cond" truecount="2" falsecount="0"/>
        <line num="31" count="2" type="stmt"/>
        <line num="32" count="2" type="stmt"/>
        <line num="35" count="1" type="stmt"/>
        <line num="36" count="1" type="stmt"/>
        <line num="42" count="58" type="stmt"/>
        <line num="43" count="3" type="stmt"/>
        <line num="45" count="3" type="cond" truecount="1" falsecount="1"/>
        <line num="46" count="0" type="stmt"/>
        <line num="47" count="0" type="stmt"/>
        <line num="49" count="3" type="cond" truecount="2" falsecount="0"/>
        <line num="50" count="2" type="stmt"/>
        <line num="51" count="2" type="stmt"/>
        <line num="54" count="1" type="stmt"/>
        <line num="55" count="1" type="stmt"/>
        <line num="63" count="58" type="stmt"/>
        <line num="64" count="0" type="stmt"/>
        <line num="66" count="58" type="stmt"/>
        <line num="67" count="2" type="cond" truecount="1" falsecount="1"/>
        <line num="68" count="2" type="cond" truecount="2" falsecount="0"/>
        <line num="69" count="1" type="stmt"/>
        <line num="72" count="58" type="stmt"/>
        <line num="73" count="2" type="stmt"/>
        <line num="74" count="2" type="stmt"/>
        <line num="77" count="58" type="stmt"/>
        <line num="78" count="58" type="stmt"/>
        <line num="79" count="1" type="stmt"/>
        <line num="80" count="1" type="stmt"/>
        <line num="81" count="1" type="stmt"/>
        <line num="82" count="1" type="stmt"/>
        <line num="84" count="0" type="stmt"/>
        <line num="85" count="0" type="stmt"/>
        <line num="89" count="58" type="stmt"/>
        <line num="123" count="34" type="stmt"/>
        <line num="124" count="3" type="stmt"/>
        <line num="134" count="15" type="stmt"/>
        <line num="135" count="3" type="stmt"/>
      </file>
    </package>
    <package name="shared.components">
      <metrics statements="8" coveredstatements="7" conditionals="21" coveredconditionals="16" methods="3" coveredmethods="2"/>
      <file name="AlertComponent.jsx" path="C:\Users\ortga\OneDrive\Escritorio\Coding\Task-Manager\frontend\src\app\shared\components\AlertComponent.jsx">
        <metrics statements="2" coveredstatements="1" conditionals="0" coveredconditionals="0" methods="1" coveredmethods="0"/>
        <line num="4" count="1" type="stmt"/>
        <line num="5" count="0" type="stmt"/>
      </file>
      <file name="ButtonComponent.jsx" path="C:\Users\ortga\OneDrive\Escritorio\Coding\Task-Manager\frontend\src\app\shared\components\ButtonComponent.jsx">
        <metrics statements="2" coveredstatements="2" conditionals="0" coveredconditionals="0" methods="1" coveredmethods="1"/>
        <line num="2" count="1" type="stmt"/>
        <line num="3" count="58" type="stmt"/>
      </file>
      <file name="TextFieldComponent.jsx" path="C:\Users\ortga\OneDrive\Escritorio\Coding\Task-Manager\frontend\src\app\shared\components\TextFieldComponent.jsx">
        <metrics statements="4" coveredstatements="4" conditionals="21" coveredconditionals="16" methods="1" coveredmethods="1"/>
        <line num="11" count="1" type="stmt"/>
        <line num="22" count="116" type="stmt"/>
        <line num="23" count="116" type="cond" truecount="2" falsecount="0"/>
        <line num="25" count="116" type="stmt"/>
      </file>
    </package>
    <package name="utils">
      <metrics statements="6" coveredstatements="6" conditionals="0" coveredconditionals="0" methods="2" coveredmethods="2"/>
      <file name="validators.js" path="C:\Users\ortga\OneDrive\Escritorio\Coding\Task-Manager\frontend\src\app\utils\validators.js">
        <metrics statements="6" coveredstatements="6" conditionals="0" coveredconditionals="0" methods="2" coveredmethods="2"/>
        <line num="2" count="2" type="stmt"/>
        <line num="3" count="7" type="stmt"/>
        <line num="4" count="7" type="stmt"/>
        <line num="7" count="2" type="stmt"/>
        <line num="8" count="7" type="stmt"/>
        <line num="9" count="7" type="stmt"/>
      </file>
    </package>
  </project>
</coverage>
