{"C:\\Users\\ortga\\OneDrive\\Escritorio\\Coding\\Task-Manager\\frontend\\src\\app\\features\\auth\\LoginPage.jsx": {"path":"C:\\Users\\ortga\\OneDrive\\Escritorio\\Coding\\Task-Manager\\frontend\\src\\app\\features\\auth\\LoginPage.jsx","statementMap":{"0":{"start":{"line":13,"column":25},"end":{"line":217,"column":1}},"1":{"start":{"line":14,"column":42},"end":{"line":14,"column":57}},"2":{"start":{"line":15,"column":34},"end":{"line":15,"column":46}},"3":{"start":{"line":16,"column":28},"end":{"line":16,"column":40}},"4":{"start":{"line":17,"column":40},"end":{"line":20,"column":4}},"5":{"start":{"line":21,"column":36},"end":{"line":21,"column":51}},"6":{"start":{"line":22,"column":19},"end":{"line":22,"column":32}},"7":{"start":{"line":23,"column":35},"end":{"line":39,"column":3}},"8":{"start":{"line":24,"column":17},"end":{"line":24,"column":39}},"9":{"start":{"line":26,"column":4},"end":{"line":38,"column":5}},"10":{"start":{"line":27,"column":6},"end":{"line":29,"column":9}},"11":{"start":{"line":28,"column":8},"end":{"line":28,"column":38}},"12":{"start":{"line":30,"column":11},"end":{"line":38,"column":5}},"13":{"start":{"line":31,"column":6},"end":{"line":33,"column":9}},"14":{"start":{"line":32,"column":8},"end":{"line":32,"column":38}},"15":{"start":{"line":35,"column":6},"end":{"line":37,"column":9}},"16":{"start":{"line":36,"column":8},"end":{"line":36,"column":59}},"17":{"start":{"line":42,"column":38},"end":{"line":61,"column":3}},"18":{"start":{"line":43,"column":17},"end":{"line":43,"column":45}},"19":{"start":{"line":45,"column":4},"end":{"line":60,"column":5}},"20":{"start":{"line":46,"column":6},"end":{"line":48,"column":9}},"21":{"start":{"line":47,"column":8},"end":{"line":47,"column":41}},"22":{"start":{"line":49,"column":11},"end":{"line":60,"column":5}},"23":{"start":{"line":50,"column":6},"end":{"line":52,"column":9}},"24":{"start":{"line":51,"column":8},"end":{"line":51,"column":41}},"25":{"start":{"line":54,"column":6},"end":{"line":59,"column":9}},"26":{"start":{"line":55,"column":8},"end":{"line":58,"column":10}},"27":{"start":{"line":63,"column":27},"end":{"line":64,"column":52}},"28":{"start":{"line":64,"column":4},"end":{"line":64,"column":52}},"29":{"start":{"line":64,"column":38},"end":{"line":64,"column":51}},"30":{"start":{"line":66,"column":27},"end":{"line":70,"column":3}},"31":{"start":{"line":67,"column":4},"end":{"line":67,"column":49}},"32":{"start":{"line":67,"column":42},"end":{"line":67,"column":49}},"33":{"start":{"line":68,"column":4},"end":{"line":68,"column":55}},"34":{"start":{"line":68,"column":48},"end":{"line":68,"column":55}},"35":{"start":{"line":69,"column":4},"end":{"line":69,"column":38}},"36":{"start":{"line":72,"column":23},"end":{"line":75,"column":3}},"37":{"start":{"line":73,"column":4},"end":{"line":73,"column":23}},"38":{"start":{"line":74,"column":4},"end":{"line":74,"column":23}},"39":{"start":{"line":77,"column":33},"end":{"line":77,"column":42}},"40":{"start":{"line":78,"column":27},"end":{"line":87,"column":3}},"41":{"start":{"line":79,"column":4},"end":{"line":86,"column":5}},"42":{"start":{"line":80,"column":19},"end":{"line":80,"column":51}},"43":{"start":{"line":81,"column":6},"end":{"line":81,"column":24}},"44":{"start":{"line":82,"column":6},"end":{"line":82,"column":25}},"45":{"start":{"line":84,"column":6},"end":{"line":84,"column":25}},"46":{"start":{"line":85,"column":6},"end":{"line":85,"column":27}},"47":{"start":{"line":89,"column":2},"end":{"line":216,"column":4}},"48":{"start":{"line":123,"column":31},"end":{"line":123,"column":55}},"49":{"start":{"line":124,"column":29},"end":{"line":124,"column":69}},"50":{"start":{"line":134,"column":31},"end":{"line":134,"column":58}},"51":{"start":{"line":135,"column":29},"end":{"line":135,"column":72}}},"fnMap":{"0":{"name":"(anonymous_0)","decl":{"start":{"line":13,"column":25},"end":{"line":13,"column":26}},"loc":{"start":{"line":13,"column":31},"end":{"line":217,"column":1}},"line":13},"1":{"name":"(anonymous_1)","decl":{"start":{"line":23,"column":35},"end":{"line":23,"column":36}},"loc":{"start":{"line":23,"column":46},"end":{"line":39,"column":3}},"line":23},"2":{"name":"(anonymous_2)","decl":{"start":{"line":27,"column":21},"end":{"line":27,"column":22}},"loc":{"start":{"line":27,"column":31},"end":{"line":29,"column":7}},"line":27},"3":{"name":"(anonymous_3)","decl":{"start":{"line":31,"column":21},"end":{"line":31,"column":22}},"loc":{"start":{"line":31,"column":31},"end":{"line":33,"column":7}},"line":31},"4":{"name":"(anonymous_4)","decl":{"start":{"line":35,"column":21},"end":{"line":35,"column":22}},"loc":{"start":{"line":35,"column":31},"end":{"line":37,"column":7}},"line":35},"5":{"name":"(anonymous_5)","decl":{"start":{"line":42,"column":38},"end":{"line":42,"column":39}},"loc":{"start":{"line":42,"column":52},"end":{"line":61,"column":3}},"line":42},"6":{"name":"(anonymous_6)","decl":{"start":{"line":46,"column":21},"end":{"line":46,"column":22}},"loc":{"start":{"line":46,"column":31},"end":{"line":48,"column":7}},"line":46},"7":{"name":"(anonymous_7)","decl":{"start":{"line":50,"column":21},"end":{"line":50,"column":22}},"loc":{"start":{"line":50,"column":31},"end":{"line":52,"column":7}},"line":50},"8":{"name":"(anonymous_8)","decl":{"start":{"line":54,"column":21},"end":{"line":54,"column":22}},"loc":{"start":{"line":54,"column":31},"end":{"line":59,"column":7}},"line":54},"9":{"name":"(anonymous_9)","decl":{"start":{"line":63,"column":27},"end":{"line":63,"column":28}},"loc":{"start":{"line":64,"column":4},"end":{"line":64,"column":52}},"line":64},"10":{"name":"(anonymous_10)","decl":{"start":{"line":64,"column":20},"end":{"line":64,"column":21}},"loc":{"start":{"line":64,"column":38},"end":{"line":64,"column":51}},"line":64},"11":{"name":"(anonymous_11)","decl":{"start":{"line":66,"column":27},"end":{"line":66,"column":28}},"loc":{"start":{"line":66,"column":33},"end":{"line":70,"column":3}},"line":66},"12":{"name":"(anonymous_12)","decl":{"start":{"line":72,"column":23},"end":{"line":72,"column":24}},"loc":{"start":{"line":72,"column":30},"end":{"line":75,"column":3}},"line":72},"13":{"name":"(anonymous_13)","decl":{"start":{"line":78,"column":27},"end":{"line":78,"column":28}},"loc":{"start":{"line":78,"column":54},"end":{"line":87,"column":3}},"line":78},"14":{"name":"(anonymous_14)","decl":{"start":{"line":123,"column":24},"end":{"line":123,"column":25}},"loc":{"start":{"line":123,"column":31},"end":{"line":123,"column":55}},"line":123},"15":{"name":"(anonymous_15)","decl":{"start":{"line":124,"column":22},"end":{"line":124,"column":23}},"loc":{"start":{"line":124,"column":29},"end":{"line":124,"column":69}},"line":124},"16":{"name":"(anonymous_16)","decl":{"start":{"line":134,"column":24},"end":{"line":134,"column":25}},"loc":{"start":{"line":134,"column":31},"end":{"line":134,"column":58}},"line":134},"17":{"name":"(anonymous_17)","decl":{"start":{"line":135,"column":22},"end":{"line":135,"column":23}},"loc":{"start":{"line":135,"column":29},"end":{"line":135,"column":72}},"line":135}},"branchMap":{"0":{"loc":{"start":{"line":26,"column":4},"end":{"line":38,"column":5}},"type":"if","locations":[{"start":{"line":26,"column":4},"end":{"line":38,"column":5}},{"start":{"line":30,"column":11},"end":{"line":38,"column":5}}],"line":26},"1":{"loc":{"start":{"line":30,"column":11},"end":{"line":38,"column":5}},"type":"if","locations":[{"start":{"line":30,"column":11},"end":{"line":38,"column":5}},{"start":{"line":34,"column":11},"end":{"line":38,"column":5}}],"line":30},"2":{"loc":{"start":{"line":45,"column":4},"end":{"line":60,"column":5}},"type":"if","locations":[{"start":{"line":45,"column":4},"end":{"line":60,"column":5}},{"start":{"line":49,"column":11},"end":{"line":60,"column":5}}],"line":45},"3":{"loc":{"start":{"line":49,"column":11},"end":{"line":60,"column":5}},"type":"if","locations":[{"start":{"line":49,"column":11},"end":{"line":60,"column":5}},{"start":{"line":53,"column":11},"end":{"line":60,"column":5}}],"line":49},"4":{"loc":{"start":{"line":67,"column":4},"end":{"line":67,"column":49}},"type":"if","locations":[{"start":{"line":67,"column":4},"end":{"line":67,"column":49}},{"start":{},"end":{}}],"line":67},"5":{"loc":{"start":{"line":68,"column":4},"end":{"line":68,"column":55}},"type":"if","locations":[{"start":{"line":68,"column":4},"end":{"line":68,"column":55}},{"start":{},"end":{}}],"line":68},"6":{"loc":{"start":{"line":190,"column":7},"end":{"line":214,"column":7}},"type":"binary-expr","locations":[{"start":{"line":190,"column":7},"end":{"line":190,"column":16}},{"start":{"line":191,"column":8},"end":{"line":213,"column":14}}],"line":190}},"s":{"0":1,"1":58,"2":58,"3":58,"4":58,"5":58,"6":58,"7":58,"8":3,"9":3,"10":0,"11":0,"12":3,"13":2,"14":2,"15":1,"16":1,"17":58,"18":3,"19":3,"20":0,"21":0,"22":3,"23":2,"24":2,"25":1,"26":1,"27":58,"28":0,"29":0,"30":58,"31":2,"32":0,"33":2,"34":1,"35":1,"36":58,"37":2,"38":2,"39":58,"40":58,"41":1,"42":1,"43":1,"44":1,"45":0,"46":0,"47":58,"48":34,"49":3,"50":15,"51":3},"f":{"0":58,"1":3,"2":0,"3":2,"4":1,"5":3,"6":0,"7":2,"8":1,"9":0,"10":0,"11":2,"12":2,"13":1,"14":34,"15":3,"16":15,"17":3},"b":{"0":[0,3],"1":[2,1],"2":[0,3],"3":[2,1],"4":[0,2],"5":[1,1],"6":[58,0]},"_coverageSchema":"1a1c01bbd47fc00a2c39e90264f33305004495a9","hash":"85bc248e83f2bd8027d59634ca4d4235a1dbf830"}
,"C:\\Users\\ortga\\OneDrive\\Escritorio\\Coding\\Task-Manager\\frontend\\src\\app\\shared\\components\\AlertComponent.jsx": {"path":"C:\\Users\\ortga\\OneDrive\\Escritorio\\Coding\\Task-Manager\\frontend\\src\\app\\shared\\components\\AlertComponent.jsx","statementMap":{"0":{"start":{"line":4,"column":30},"end":{"line":13,"column":1}},"1":{"start":{"line":5,"column":2},"end":{"line":12,"column":3}}},"fnMap":{"0":{"name":"(anonymous_0)","decl":{"start":{"line":4,"column":30},"end":{"line":4,"column":31}},"loc":{"start":{"line":4,"column":85},"end":{"line":13,"column":1}},"line":4}},"branchMap":{},"s":{"0":1,"1":0},"f":{"0":0},"b":{},"_coverageSchema":"1a1c01bbd47fc00a2c39e90264f33305004495a9","hash":"47d74b448cbf79a6fd4284f8411629d51042a8f8"}
,"C:\\Users\\ortga\\OneDrive\\Escritorio\\Coding\\Task-Manager\\frontend\\src\\app\\shared\\components\\ButtonComponent.jsx": {"path":"C:\\Users\\ortga\\OneDrive\\Escritorio\\Coding\\Task-Manager\\frontend\\src\\app\\shared\\components\\ButtonComponent.jsx","statementMap":{"0":{"start":{"line":2,"column":31},"end":{"line":8,"column":1}},"1":{"start":{"line":3,"column":2},"end":{"line":7,"column":3}}},"fnMap":{"0":{"name":"(anonymous_0)","decl":{"start":{"line":2,"column":31},"end":{"line":2,"column":32}},"loc":{"start":{"line":2,"column":72},"end":{"line":8,"column":1}},"line":2}},"branchMap":{},"s":{"0":1,"1":58},"f":{"0":58},"b":{},"_coverageSchema":"1a1c01bbd47fc00a2c39e90264f33305004495a9","hash":"8b5e447f7cfc26a65e22d2369507a6bb4eeb69b8"}
,"C:\\Users\\ortga\\OneDrive\\Escritorio\\Coding\\Task-Manager\\frontend\\src\\app\\shared\\components\\TextFieldComponent.jsx": {"path":"C:\\Users\\ortga\\OneDrive\\Escritorio\\Coding\\Task-Manager\\frontend\\src\\app\\shared\\components\\TextFieldComponent.jsx","statementMap":{"0":{"start":{"line":11,"column":34},"end":{"line":52,"column":1}},"1":{"start":{"line":22,"column":21},"end":{"line":22,"column":40}},"2":{"start":{"line":23,"column":2},"end":{"line":23,"column":37}},"3":{"start":{"line":23,"column":24},"end":{"line":23,"column":37}},"4":{"start":{"line":25,"column":2},"end":{"line":51,"column":4}}},"fnMap":{"0":{"name":"(anonymous_0)","decl":{"start":{"line":11,"column":34},"end":{"line":11,"column":35}},"loc":{"start":{"line":21,"column":6},"end":{"line":52,"column":1}},"line":21}},"branchMap":{"0":{"loc":{"start":{"line":14,"column":2},"end":{"line":14,"column":15}},"type":"default-arg","locations":[{"start":{"line":14,"column":9},"end":{"line":14,"column":15}}],"line":14},"1":{"loc":{"start":{"line":15,"column":2},"end":{"line":15,"column":22}},"type":"default-arg","locations":[{"start":{"line":15,"column":17},"end":{"line":15,"column":22}}],"line":15},"2":{"loc":{"start":{"line":17,"column":2},"end":{"line":17,"column":22}},"type":"default-arg","locations":[{"start":{"line":17,"column":17},"end":{"line":17,"column":22}}],"line":17},"3":{"loc":{"start":{"line":18,"column":2},"end":{"line":18,"column":13}},"type":"default-arg","locations":[{"start":{"line":18,"column":8},"end":{"line":18,"column":13}}],"line":18},"4":{"loc":{"start":{"line":19,"column":2},"end":{"line":19,"column":15}},"type":"default-arg","locations":[{"start":{"line":19,"column":13},"end":{"line":19,"column":15}}],"line":19},"5":{"loc":{"start":{"line":23,"column":2},"end":{"line":23,"column":37}},"type":"if","locations":[{"start":{"line":23,"column":2},"end":{"line":23,"column":37}},{"start":{},"end":{}}],"line":23},"6":{"loc":{"start":{"line":31,"column":14},"end":{"line":31,"column":70}},"type":"cond-expr","locations":[{"start":{"line":31,"column":28},"end":{"line":31,"column":62}},{"start":{"line":31,"column":66},"end":{"line":31,"column":70}}],"line":31},"7":{"loc":{"start":{"line":31,"column":28},"end":{"line":31,"column":62}},"type":"cond-expr","locations":[{"start":{"line":31,"column":43},"end":{"line":31,"column":49}},{"start":{"line":31,"column":52},"end":{"line":31,"column":62}}],"line":31},"8":{"loc":{"start":{"line":34,"column":10},"end":{"line":46,"column":23}},"type":"cond-expr","locations":[{"start":{"line":35,"column":12},"end":{"line":45,"column":29}},{"start":{"line":46,"column":14},"end":{"line":46,"column":23}}],"line":34},"9":{"loc":{"start":{"line":34,"column":10},"end":{"line":34,"column":36}},"type":"binary-expr","locations":[{"start":{"line":34,"column":10},"end":{"line":34,"column":22}},{"start":{"line":34,"column":26},"end":{"line":34,"column":36}}],"line":34},"10":{"loc":{"start":{"line":39,"column":18},"end":{"line":39,"column":77}},"type":"cond-expr","locations":[{"start":{"line":39,"column":33},"end":{"line":39,"column":52}},{"start":{"line":39,"column":55},"end":{"line":39,"column":77}}],"line":39},"11":{"loc":{"start":{"line":43,"column":17},"end":{"line":43,"column":66}},"type":"cond-expr","locations":[{"start":{"line":43,"column":32},"end":{"line":43,"column":49}},{"start":{"line":43,"column":52},"end":{"line":43,"column":66}}],"line":43},"12":{"loc":{"start":{"line":49,"column":7},"end":{"line":49,"column":72}},"type":"cond-expr","locations":[{"start":{"line":49,"column":20},"end":{"line":49,"column":65}},{"start":{"line":49,"column":68},"end":{"line":49,"column":72}}],"line":49}},"s":{"0":1,"1":116,"2":116,"3":9,"4":116},"f":{"0":116},"b":{"0":[0],"1":[58],"2":[58],"3":[116],"4":[0],"5":[9,107],"6":[58,58],"7":[0,58],"8":[58,58],"9":[116,58],"10":[0,58],"11":[0,58],"12":[9,107]},"_coverageSchema":"1a1c01bbd47fc00a2c39e90264f33305004495a9","hash":"257ae33b9428b3e5c6040e3a02e124f132350a96"}
,"C:\\Users\\ortga\\OneDrive\\Escritorio\\Coding\\Task-Manager\\frontend\\src\\app\\utils\\validators.js": {"path":"C:\\Users\\ortga\\OneDrive\\Escritorio\\Coding\\Task-Manager\\frontend\\src\\app\\utils\\validators.js","statementMap":{"0":{"start":{"line":2,"column":33},"end":{"line":5,"column":3}},"1":{"start":{"line":3,"column":18},"end":{"line":3,"column":32}},"2":{"start":{"line":4,"column":4},"end":{"line":4,"column":29}},"3":{"start":{"line":7,"column":36},"end":{"line":10,"column":3}},"4":{"start":{"line":8,"column":18},"end":{"line":8,"column":51}},"5":{"start":{"line":9,"column":4},"end":{"line":9,"column":32}}},"fnMap":{"0":{"name":"(anonymous_0)","decl":{"start":{"line":2,"column":33},"end":{"line":2,"column":34}},"loc":{"start":{"line":2,"column":44},"end":{"line":5,"column":3}},"line":2},"1":{"name":"(anonymous_1)","decl":{"start":{"line":7,"column":36},"end":{"line":7,"column":37}},"loc":{"start":{"line":7,"column":50},"end":{"line":10,"column":3}},"line":7}},"branchMap":{},"s":{"0":2,"1":7,"2":7,"3":2,"4":7,"5":7},"f":{"0":7,"1":7},"b":{},"_coverageSchema":"1a1c01bbd47fc00a2c39e90264f33305004495a9","hash":"8ea5c1b9fb714544aed59a2dacdecb8082a9d00a"}
}
