TN:
SF:src\app\features\auth\LoginPage.jsx
FN:13,(anonymous_0)
FN:23,(anonymous_1)
FN:27,(anonymous_2)
FN:31,(anonymous_3)
FN:35,(anonymous_4)
FN:42,(anonymous_5)
FN:46,(anonymous_6)
FN:50,(anonymous_7)
FN:54,(anonymous_8)
FN:63,(anonymous_9)
FN:64,(anonymous_10)
FN:66,(anonymous_11)
FN:72,(anonymous_12)
FN:78,(anonymous_13)
FN:123,(anonymous_14)
FN:124,(anonymous_15)
FN:134,(anonymous_16)
FN:135,(anonymous_17)
FNF:18
FNH:14
FNDA:58,(anonymous_0)
FNDA:3,(anonymous_1)
FNDA:0,(anonymous_2)
FNDA:2,(anonymous_3)
FNDA:1,(anonymous_4)
FNDA:3,(anonymous_5)
FNDA:0,(anonymous_6)
FNDA:2,(anonymous_7)
FNDA:1,(anonymous_8)
FNDA:0,(anonymous_9)
FNDA:0,(anonymous_10)
FNDA:2,(anonymous_11)
FNDA:2,(anonymous_12)
FNDA:1,(anonymous_13)
FNDA:34,(anonymous_14)
FNDA:3,(anonymous_15)
FNDA:15,(anonymous_16)
FNDA:3,(anonymous_17)
DA:13,1
DA:14,58
DA:15,58
DA:16,58
DA:17,58
DA:21,58
DA:22,58
DA:23,58
DA:24,3
DA:26,3
DA:27,0
DA:28,0
DA:30,3
DA:31,2
DA:32,2
DA:35,1
DA:36,1
DA:42,58
DA:43,3
DA:45,3
DA:46,0
DA:47,0
DA:49,3
DA:50,2
DA:51,2
DA:54,1
DA:55,1
DA:63,58
DA:64,0
DA:66,58
DA:67,2
DA:68,2
DA:69,1
DA:72,58
DA:73,2
DA:74,2
DA:77,58
DA:78,58
DA:79,1
DA:80,1
DA:81,1
DA:82,1
DA:84,0
DA:85,0
DA:89,58
DA:123,34
DA:124,3
DA:134,15
DA:135,3
LF:49
LH:42
BRDA:26,0,0,0
BRDA:26,0,1,3
BRDA:30,1,0,2
BRDA:30,1,1,1
BRDA:45,2,0,0
BRDA:45,2,1,3
BRDA:49,3,0,2
BRDA:49,3,1,1
BRDA:67,4,0,0
BRDA:67,4,1,2
BRDA:68,5,0,1
BRDA:68,5,1,1
BRDA:190,6,0,58
BRDA:190,6,1,0
BRF:14
BRH:10
end_of_record
TN:
SF:src\app\shared\components\AlertComponent.jsx
FN:4,(anonymous_0)
FNF:1
FNH:0
FNDA:0,(anonymous_0)
DA:4,1
DA:5,0
LF:2
LH:1
BRF:0
BRH:0
end_of_record
TN:
SF:src\app\shared\components\ButtonComponent.jsx
FN:2,(anonymous_0)
FNF:1
FNH:1
FNDA:58,(anonymous_0)
DA:2,1
DA:3,58
LF:2
LH:2
BRF:0
BRH:0
end_of_record
TN:
SF:src\app\shared\components\TextFieldComponent.jsx
FN:11,(anonymous_0)
FNF:1
FNH:1
FNDA:116,(anonymous_0)
DA:11,1
DA:22,116
DA:23,116
DA:25,116
LF:4
LH:4
BRDA:14,0,0,0
BRDA:15,1,0,58
BRDA:17,2,0,58
BRDA:18,3,0,116
BRDA:19,4,0,0
BRDA:23,5,0,9
BRDA:23,5,1,107
BRDA:31,6,0,58
BRDA:31,6,1,58
BRDA:31,7,0,0
BRDA:31,7,1,58
BRDA:34,8,0,58
BRDA:34,8,1,58
BRDA:34,9,0,116
BRDA:34,9,1,58
BRDA:39,10,0,0
BRDA:39,10,1,58
BRDA:43,11,0,0
BRDA:43,11,1,58
BRDA:49,12,0,9
BRDA:49,12,1,107
BRF:21
BRH:16
end_of_record
TN:
SF:src\app\utils\validators.js
FN:2,(anonymous_0)
FN:7,(anonymous_1)
FNF:2
FNH:2
FNDA:7,(anonymous_0)
FNDA:7,(anonymous_1)
DA:2,2
DA:3,7
DA:4,7
DA:7,2
DA:8,7
DA:9,7
LF:6
LH:6
BRF:0
BRH:0
end_of_record
